TN:
SF:src/controllers/register-vehicle.ts
FN:2,handle
FNF:1
FNH:0
FNDA:0,handle
DA:1,1
DA:2,1
DA:3,0
DA:4,0
DA:5,0
DA:6,0
DA:7,0
DA:8,0
DA:9,0
DA:10,0
DA:11,0
DA:12,0
DA:13,0
DA:14,0
DA:15,0
DA:16,1
LF:16
LH:3
BRF:0
BRH:0
end_of_record
TN:
SF:src/models/food-model.ts
FN:6,Food
FN:12,getName
FN:16,getDescription
FN:20,getPrice
FNF:4
FNH:4
FNDA:1,Food
FNDA:1,getName
FNDA:1,getDescription
FNDA:1,getPrice
DA:1,1
DA:2,1
DA:3,1
DA:4,1
DA:5,1
DA:6,1
DA:7,1
DA:8,1
DA:9,1
DA:10,1
DA:11,1
DA:12,1
DA:13,1
DA:14,1
DA:15,1
DA:16,1
DA:17,1
DA:18,1
DA:19,1
DA:20,1
DA:21,1
DA:22,1
DA:23,1
LF:23
LH:23
BRDA:6,0,0,1
BRDA:12,1,0,1
BRDA:16,2,0,1
BRDA:20,3,0,1
BRF:4
BRH:4
end_of_record
TN:
SF:src/models/vehicle-model.ts
FN:6,VehicleModel
FN:12,getName
FN:16,getModel
FN:20,getYear
FNF:4
FNH:0
FNDA:0,VehicleModel
FNDA:0,getName
FNDA:0,getModel
FNDA:0,getYear
DA:1,1
DA:2,1
DA:3,1
DA:4,1
DA:5,1
DA:6,1
DA:7,0
DA:8,0
DA:9,0
DA:10,0
DA:11,1
DA:12,1
DA:13,0
DA:14,0
DA:15,1
DA:16,1
DA:17,0
DA:18,0
DA:19,1
DA:20,1
DA:21,0
DA:22,0
DA:23,1
LF:23
LH:13
BRF:0
BRH:0
end_of_record
